<?xml version="1.0" encoding="UTF-8"?>
<testng-results ignored="0" total="4" passed="4" failed="0" skipped="0">
  <reporter-output>
  </reporter-output>
  <suite started-at="2021-10-18T23:49:17 PDT" name="Suite" finished-at="2021-10-18T23:49:17 PDT" duration-ms="143">
    <groups>
    </groups>
    <test started-at="2021-10-18T23:49:17 PDT" name="Test" finished-at="2021-10-18T23:49:17 PDT" duration-ms="143">
      <class name="com.crm.contacttest.ContactTest">
        <test-method signature="createContactTest()[pri:0, instance:com.crm.contacttest.ContactTest@7a675056]" started-at="2021-10-18T23:49:17 PDT" name="createContactTest" finished-at="2021-10-18T23:49:17 PDT" duration-ms="21" status="PASS">
          <reporter-output>
          </reporter-output>
        </test-method> <!-- createContactTest -->
        <test-method signature="editContactTest()[pri:0, instance:com.crm.contacttest.ContactTest@7a675056]" started-at="2021-10-18T23:49:17 PDT" name="editContactTest" finished-at="2021-10-18T23:49:17 PDT" duration-ms="5" status="PASS">
          <reporter-output>
          </reporter-output>
        </test-method> <!-- editContactTest -->
      </class> <!-- com.crm.contacttest.ContactTest -->
      <class name="com.crm.orgtest.OrgTest">
        <test-method signature="createOrgTest()[pri:0, instance:com.crm.orgtest.OrgTest@d21a74c]" started-at="2021-10-18T23:49:17 PDT" name="createOrgTest" finished-at="2021-10-18T23:49:17 PDT" duration-ms="2" status="PASS">
          <reporter-output>
          </reporter-output>
        </test-method> <!-- createOrgTest -->
        <test-method signature="editOrgTest()[pri:0, instance:com.crm.orgtest.OrgTest@d21a74c]" started-at="2021-10-18T23:49:17 PDT" name="editOrgTest" finished-at="2021-10-18T23:49:17 PDT" duration-ms="3" status="PASS">
          <reporter-output>
          </reporter-output>
        </test-method> <!-- editOrgTest -->
      </class> <!-- com.crm.orgtest.OrgTest -->
    </test> <!-- Test -->
  </suite> <!-- Suite -->
</testng-results>
