<?xml version="1.0" encoding="UTF-8"?>
<!-- Generated by org.testng.reporters.JUnitXMLReporter -->
<testsuite ignored="0" hostname="VIPIN" failures="0" tests="4" name="Test" time="0.143" errors="0" timestamp="2021-10-18T23:49:17 PDT">
  <testcase classname="com.crm.contacttest.ContactTest" name="createContactTest" time="0.021"/>
  <testcase classname="com.crm.contacttest.ContactTest" name="editContactTest" time="0.005"/>
  <testcase classname="com.crm.orgtest.OrgTest" name="createOrgTest" time="0.002"/>
  <testcase classname="com.crm.orgtest.OrgTest" name="editOrgTest" time="0.003"/>
</testsuite> <!-- Test -->
